15:40:29.036 request:
1 > POST http://localhost:8093/api/robber
1 > Accept-Encoding: gzip,deflate
1 > Connection: Keep-Alive
1 > Content-Length: 46
1 > Content-Type: application/json; charset=UTF-8
1 > Host: localhost:8093
1 > User-Agent: Apache-HttpClient/4.5.5 (Java/11.0.6)
{"id":6,"name":"Helsinki","country":"Finland"}

15:40:29.080 response time in milliseconds: 39.58
1 < 200
1 < Connection: keep-alive
1 < Content-Type: application/json
1 < Date: Mon, 25 May 2020 10:10:29 GMT
1 < Keep-Alive: timeout=60
1 < Transfer-Encoding: chunked
{"id":6,"name":"Helsinki","country":"Finland"}

15:40:29.111 [print] Response data: {
  "id": 6,
  "name": "Helsinki",
  "country": "Finland"
}


