15:39:31.865 [ForkJoinPool-1-worker-11] DEBUG com.intuit.karate - request:
1 > PUT http://localhost:8093/api/robber/2
1 > Accept-Encoding: gzip,deflate
1 > Connection: Keep-Alive
1 > Content-Length: 51
1 > Content-Type: application/json; charset=UTF-8
1 > Host: localhost:8093
1 > User-Agent: Apache-HttpClient/4.5.5 (Java/11.0.6)
{"id":2,"name":"Rio de Janeiro","country":"Brazil"}

15:39:31.865 [ForkJoinPool-1-worker-3] DEBUG com.intuit.karate - request:
1 > GET http://localhost:8093/v2/api-docs
1 > Accept-Encoding: gzip,deflate
1 > Connection: Keep-Alive
1 > Host: localhost:8093
1 > User-Agent: Apache-HttpClient/4.5.5 (Java/11.0.6)

15:39:31.865 [ForkJoinPool-1-worker-9] DEBUG com.intuit.karate - request:
1 > POST http://localhost:8093/api/robber
1 > Accept-Encoding: gzip,deflate
1 > Connection: Keep-Alive
1 > Content-Length: 46
1 > Content-Type: application/json; charset=UTF-8
1 > Host: localhost:8093
1 > User-Agent: Apache-HttpClient/4.5.5 (Java/11.0.6)
{"id":6,"name":"Helsinki","country":"Finland"}

15:39:31.865 [ForkJoinPool-1-worker-5] DEBUG com.intuit.karate - request:
1 > GET http://localhost:8093/api/robbers
1 > Accept-Encoding: gzip,deflate
1 > Connection: Keep-Alive
1 > Host: localhost:8093
1 > User-Agent: Apache-HttpClient/4.5.5 (Java/11.0.6)

15:39:31.865 [ForkJoinPool-1-worker-7] DEBUG com.intuit.karate - request:
1 > GET http://localhost:8093/api/robber/1
1 > Accept-Encoding: gzip,deflate
1 > Connection: Keep-Alive
1 > Host: localhost:8093
1 > User-Agent: Apache-HttpClient/4.5.5 (Java/11.0.6)

15:39:31.914 [ForkJoinPool-1-worker-5] DEBUG com.intuit.karate - response time in milliseconds: 40.14
1 < 200
1 < Connection: keep-alive
1 < Content-Type: application/json
1 < Date: Mon, 25 May 2020 10:09:31 GMT
1 < Keep-Alive: timeout=60
1 < Transfer-Encoding: chunked
[{"id":1,"name":"Japan","country":"Tokyo"},{"id":2,"name":"Brazil","country":"Rio"},{"id":3,"name":"Kenya","country":"Nairobi"},{"id":4,"name":"Colorado","country":"Denver"},{"id":5,"name":"Russia","country":"Moscow"}]

15:39:31.935 [ForkJoinPool-1-worker-5] INFO  com.intuit.karate - [print] Response data: [
  {
    "id": 1,
    "name": "Japan",
    "country": "Tokyo"
  },
  {
    "id": 2,
    "name": "Brazil",
    "country": "Rio"
  },
  {
    "id": 3,
    "name": "Kenya",
    "country": "Nairobi"
  },
  {
    "id": 4,
    "name": "Colorado",
    "country": "Denver"
  },
  {
    "id": 5,
    "name": "Russia",
    "country": "Moscow"
  }
]

15:39:31.943 [ForkJoinPool-1-worker-7] DEBUG com.intuit.karate - response time in milliseconds: 70.69
1 < 200
1 < Connection: keep-alive
1 < Content-Type: application/json
1 < Date: Mon, 25 May 2020 10:09:31 GMT
1 < Keep-Alive: timeout=60
1 < Transfer-Encoding: chunked
{"id":1,"name":"Japan","country":"Tokyo"}

15:39:32.002 [ForkJoinPool-1-worker-5] INFO  com.intuit.karate - [print] Number of Users: 5
15:39:32.005 [ForkJoinPool-1-worker-7] DEBUG com.intuit.karate - request:
1 > DELETE http://localhost:8093/api/robber/6
1 > Accept-Encoding: gzip,deflate
1 > Connection: Keep-Alive
1 > Host: localhost:8093
1 > User-Agent: Apache-HttpClient/4.5.5 (Java/11.0.6)

15:39:32.075 [ForkJoinPool-1-worker-9] DEBUG com.intuit.karate - response time in milliseconds: 202.98
1 < 200
1 < Connection: keep-alive
1 < Content-Type: application/json
1 < Date: Mon, 25 May 2020 10:09:31 GMT
1 < Keep-Alive: timeout=60
1 < Transfer-Encoding: chunked
{"id":6,"name":"Helsinki","country":"Finland"}

15:39:32.083 [ForkJoinPool-1-worker-9] INFO  com.intuit.karate - [print] Response data: {
  "id": 6,
  "name": "Helsinki",
  "country": "Finland"
}

15:39:32.098 [ForkJoinPool-1-worker-11] DEBUG com.intuit.karate - response time in milliseconds: 226.11
1 < 200
1 < Connection: keep-alive
1 < Content-Type: application/json
1 < Date: Mon, 25 May 2020 10:09:31 GMT
1 < Keep-Alive: timeout=60
1 < Transfer-Encoding: chunked
{"id":2,"name":"Rio de Janeiro","country":"Brazil"}

15:39:32.115 [ForkJoinPool-1-worker-11] INFO  com.intuit.karate - [print] Updated response is: {
  "id": 2,
  "name": "Rio de Janeiro",
  "country": "Brazil"
}

15:39:32.151 [ForkJoinPool-1-worker-7] DEBUG com.intuit.karate - response time in milliseconds: 132.79
1 < 200
1 < Connection: keep-alive
1 < Content-Length: 7
1 < Content-Type: text/plain;charset=UTF-8
1 < Date: Mon, 25 May 2020 10:09:31 GMT
1 < Keep-Alive: timeout=60
deleted

15:39:32.190 [ForkJoinPool-1-worker-3] DEBUG com.intuit.karate - response time in milliseconds: 318.69
1 < 200
1 < Connection: keep-alive
1 < Content-Type: application/json
1 < Date: Mon, 25 May 2020 10:09:31 GMT
1 < Keep-Alive: timeout=60
1 < Transfer-Encoding: chunked
{"swagger":"2.0","info":{"description":"Api Documentation","version":"1.0","title":"Api Documentation","termsOfService":"urn:tos","contact":{},"license":{"name":"Apache 2.0","url":"http://www.apache.org/licenses/LICENSE-2.0"}},"host":"localhost:8093","basePath":"/","tags":[{"name":"professor-the-controller","description":"Professor The Controller"}],"paths":{"/api/robber":{"post":{"tags":["professor-the-controller"],"summary":"addRobber","operationId":"addRobberUsingPOST","consumes":["application/json"],"produces":["*/*"],"parameters":[{"in":"body","name":"robber","description":"robber","required":true,"schema":{"$ref":"#/definitions/Robber"}}],"responses":{"200":{"description":"OK","schema":{"$ref":"#/definitions/Robber"}},"201":{"description":"Created"},"401":{"description":"Unauthorized"},"403":{"description":"Forbidden"},"404":{"description":"Not Found"}},"deprecated":false}},"/api/robbers":{"get":{"tags":["professor-the-controller"],"summary":"getRobbers","operationId":"getRobbersUsingGET","produces":["*/*"],"responses":{"200":{"description":"OK","schema":{"type":"array","items":{"$ref":"#/definitions/Robber"}}},"401":{"description":"Unauthorized"},"403":{"description":"Forbidden"},"404":{"description":"Not Found"}},"deprecated":false}}},"definitions":{"Robber":{"type":"object","properties":{"country":{"type":"string"},"id":{"type":"integer","format":"int32"},"name":{"type":"string"}},"title":"Robber"}}}

15:39:32.210 [ForkJoinPool-1-worker-5] INFO  com.intuit.karate - [print] User id at 4: {
  "id": 4,
  "name": "Colorado",
  "country": "Denver"
}

15:39:32.388 [pool-1-thread-2] INFO  com.intuit.karate.Runner - <<pass>> feature 2 of 2: classpath:features/robbers1.feature
15:39:32.389 [pool-1-thread-1] INFO  com.intuit.karate.Runner - <<pass>> feature 1 of 2: classpath:features/robbers.feature
15:40:29.033 [ForkJoinPool-1-worker-9] DEBUG com.intuit.karate - request:
1 > POST http://localhost:8093/api/robber
1 > Accept-Encoding: gzip,deflate
1 > Connection: Keep-Alive
1 > Content-Length: 46
1 > Content-Type: application/json; charset=UTF-8
1 > Host: localhost:8093
1 > User-Agent: Apache-HttpClient/4.5.5 (Java/11.0.6)
{"id":6,"name":"Helsinki","country":"Finland"}

15:40:29.033 [ForkJoinPool-1-worker-3] DEBUG com.intuit.karate - request:
1 > GET http://localhost:8093/v2/api-docs
1 > Accept-Encoding: gzip,deflate
1 > Connection: Keep-Alive
1 > Host: localhost:8093
1 > User-Agent: Apache-HttpClient/4.5.5 (Java/11.0.6)

15:40:29.033 [ForkJoinPool-1-worker-7] DEBUG com.intuit.karate - request:
1 > GET http://localhost:8093/api/robbers
1 > Accept-Encoding: gzip,deflate
1 > Connection: Keep-Alive
1 > Host: localhost:8093
1 > User-Agent: Apache-HttpClient/4.5.5 (Java/11.0.6)

15:40:29.033 [ForkJoinPool-1-worker-11] DEBUG com.intuit.karate - request:
1 > PUT http://localhost:8093/api/robber/2
1 > Accept-Encoding: gzip,deflate
1 > Connection: Keep-Alive
1 > Content-Length: 51
1 > Content-Type: application/json; charset=UTF-8
1 > Host: localhost:8093
1 > User-Agent: Apache-HttpClient/4.5.5 (Java/11.0.6)
{"id":2,"name":"Rio de Janeiro","country":"Brazil"}

15:40:29.033 [ForkJoinPool-1-worker-5] DEBUG com.intuit.karate - request:
1 > GET http://localhost:8093/api/robber/1
1 > Accept-Encoding: gzip,deflate
1 > Connection: Keep-Alive
1 > Host: localhost:8093
1 > User-Agent: Apache-HttpClient/4.5.5 (Java/11.0.6)

15:40:29.079 [ForkJoinPool-1-worker-9] DEBUG com.intuit.karate - response time in milliseconds: 39.58
1 < 200
1 < Connection: keep-alive
1 < Content-Type: application/json
1 < Date: Mon, 25 May 2020 10:10:29 GMT
1 < Keep-Alive: timeout=60
1 < Transfer-Encoding: chunked
{"id":6,"name":"Helsinki","country":"Finland"}

15:40:29.079 [ForkJoinPool-1-worker-11] DEBUG com.intuit.karate - response time in milliseconds: 38.45
1 < 200
1 < Connection: keep-alive
1 < Content-Type: application/json
1 < Date: Mon, 25 May 2020 10:10:29 GMT
1 < Keep-Alive: timeout=60
1 < Transfer-Encoding: chunked
{"id":2,"name":"Rio de Janeiro","country":"Brazil"}

15:40:29.079 [ForkJoinPool-1-worker-7] DEBUG com.intuit.karate - response time in milliseconds: 39.75
1 < 200
1 < Connection: keep-alive
1 < Content-Type: application/json
1 < Date: Mon, 25 May 2020 10:10:29 GMT
1 < Keep-Alive: timeout=60
1 < Transfer-Encoding: chunked
[{"id":1,"name":"Japan","country":"Tokyo"},{"id":2,"name":"Rio de Janeiro","country":"Brazil"},{"id":3,"name":"Kenya","country":"Nairobi"},{"id":4,"name":"Colorado","country":"Denver"},{"id":5,"name":"Russia","country":"Moscow"}]

15:40:29.079 [ForkJoinPool-1-worker-3] DEBUG com.intuit.karate - response time in milliseconds: 38.85
1 < 200
1 < Connection: keep-alive
1 < Content-Type: application/json
1 < Date: Mon, 25 May 2020 10:10:29 GMT
1 < Keep-Alive: timeout=60
1 < Transfer-Encoding: chunked
{"swagger":"2.0","info":{"description":"Api Documentation","version":"1.0","title":"Api Documentation","termsOfService":"urn:tos","contact":{},"license":{"name":"Apache 2.0","url":"http://www.apache.org/licenses/LICENSE-2.0"}},"host":"localhost:8093","basePath":"/","tags":[{"name":"professor-the-controller","description":"Professor The Controller"}],"paths":{"/api/robber":{"post":{"tags":["professor-the-controller"],"summary":"addRobber","operationId":"addRobberUsingPOST","consumes":["application/json"],"produces":["*/*"],"parameters":[{"in":"body","name":"robber","description":"robber","required":true,"schema":{"$ref":"#/definitions/Robber"}}],"responses":{"200":{"description":"OK","schema":{"$ref":"#/definitions/Robber"}},"201":{"description":"Created"},"401":{"description":"Unauthorized"},"403":{"description":"Forbidden"},"404":{"description":"Not Found"}},"deprecated":false}},"/api/robbers":{"get":{"tags":["professor-the-controller"],"summary":"getRobbers","operationId":"getRobbersUsingGET","produces":["*/*"],"responses":{"200":{"description":"OK","schema":{"type":"array","items":{"$ref":"#/definitions/Robber"}}},"401":{"description":"Unauthorized"},"403":{"description":"Forbidden"},"404":{"description":"Not Found"}},"deprecated":false}}},"definitions":{"Robber":{"type":"object","properties":{"country":{"type":"string"},"id":{"type":"integer","format":"int32"},"name":{"type":"string"}},"title":"Robber"}}}

15:40:29.091 [ForkJoinPool-1-worker-11] INFO  com.intuit.karate - [print] Updated response is: {
  "id": 2,
  "name": "Rio de Janeiro",
  "country": "Brazil"
}

15:40:29.090 [ForkJoinPool-1-worker-9] INFO  com.intuit.karate - [print] Response data: {
  "id": 6,
  "name": "Helsinki",
  "country": "Finland"
}

15:40:29.080 [ForkJoinPool-1-worker-5] DEBUG com.intuit.karate - response time in milliseconds: 38.06
1 < 200
1 < Connection: keep-alive
1 < Content-Type: application/json
1 < Date: Mon, 25 May 2020 10:10:29 GMT
1 < Keep-Alive: timeout=60
1 < Transfer-Encoding: chunked
{"id":1,"name":"Japan","country":"Tokyo"}

15:40:29.108 [ForkJoinPool-1-worker-7] INFO  com.intuit.karate - [print] Response data: [
  {
    "id": 1,
    "name": "Japan",
    "country": "Tokyo"
  },
  {
    "id": 2,
    "name": "Rio de Janeiro",
    "country": "Brazil"
  },
  {
    "id": 3,
    "name": "Kenya",
    "country": "Nairobi"
  },
  {
    "id": 4,
    "name": "Colorado",
    "country": "Denver"
  },
  {
    "id": 5,
    "name": "Russia",
    "country": "Moscow"
  }
]

15:40:29.115 [ForkJoinPool-1-worker-3] DEBUG com.intuit.karate - request:
1 > DELETE http://localhost:8093/api/robber/6
1 > Accept-Encoding: gzip,deflate
1 > Connection: Keep-Alive
1 > Host: localhost:8093
1 > User-Agent: Apache-HttpClient/4.5.5 (Java/11.0.6)

15:40:29.148 [ForkJoinPool-1-worker-3] DEBUG com.intuit.karate - response time in milliseconds: 16.91
1 < 200
1 < Connection: keep-alive
1 < Content-Length: 7
1 < Content-Type: text/plain;charset=UTF-8
1 < Date: Mon, 25 May 2020 10:10:29 GMT
1 < Keep-Alive: timeout=60
deleted

15:40:29.184 [ForkJoinPool-1-worker-7] INFO  com.intuit.karate - [print] Number of Users: 5
15:40:29.348 [ForkJoinPool-1-worker-7] INFO  com.intuit.karate - [print] User id at 4: {
  "id": 4,
  "name": "Colorado",
  "country": "Denver"
}

15:40:29.367 [pool-1-thread-2] INFO  com.intuit.karate.Runner - <<pass>> feature 2 of 2: classpath:features/robbers1.feature
15:40:29.393 [pool-1-thread-1] INFO  com.intuit.karate.Runner - <<pass>> feature 1 of 2: classpath:features/robbers.feature
